/home/racha/line_follower_ws/install/line_follower/lib/python3.12/site-packages/line_follower/fake_camera.py
/home/racha/line_follower_ws/install/line_follower/lib/python3.12/site-packages/line_follower/robots_sim.py
/home/racha/line_follower_ws/install/line_follower/lib/python3.12/site-packages/line_follower/robot_sim.py
/home/racha/line_follower_ws/install/line_follower/lib/python3.12/site-packages/line_follower/line_detector.py
/home/racha/line_follower_ws/install/line_follower/lib/python3.12/site-packages/line_follower/__init__.py
/home/racha/line_follower_ws/install/line_follower/lib/python3.12/site-packages/line_follower/__pycache__/fake_camera.cpython-312.pyc
/home/racha/line_follower_ws/install/line_follower/lib/python3.12/site-packages/line_follower/__pycache__/robots_sim.cpython-312.pyc
/home/racha/line_follower_ws/install/line_follower/lib/python3.12/site-packages/line_follower/__pycache__/robot_sim.cpython-312.pyc
/home/racha/line_follower_ws/install/line_follower/lib/python3.12/site-packages/line_follower/__pycache__/line_detector.cpython-312.pyc
/home/racha/line_follower_ws/install/line_follower/lib/python3.12/site-packages/line_follower/__pycache__/__init__.cpython-312.pyc
/home/racha/line_follower_ws/install/line_follower/share/ament_index/resource_index/packages/line_follower
/home/racha/line_follower_ws/install/line_follower/share/line_follower/package.xml
/home/racha/line_follower_ws/install/line_follower/lib/python3.12/site-packages/line_follower-0.0.0-py3.12.egg-info/requires.txt
/home/racha/line_follower_ws/install/line_follower/lib/python3.12/site-packages/line_follower-0.0.0-py3.12.egg-info/zip-safe
/home/racha/line_follower_ws/install/line_follower/lib/python3.12/site-packages/line_follower-0.0.0-py3.12.egg-info/top_level.txt
/home/racha/line_follower_ws/install/line_follower/lib/python3.12/site-packages/line_follower-0.0.0-py3.12.egg-info/SOURCES.txt
/home/racha/line_follower_ws/install/line_follower/lib/python3.12/site-packages/line_follower-0.0.0-py3.12.egg-info/dependency_links.txt
/home/racha/line_follower_ws/install/line_follower/lib/python3.12/site-packages/line_follower-0.0.0-py3.12.egg-info/PKG-INFO
/home/racha/line_follower_ws/install/line_follower/lib/python3.12/site-packages/line_follower-0.0.0-py3.12.egg-info/entry_points.txt
/home/racha/line_follower_ws/install/line_follower/lib/line_follower/fake_camera
/home/racha/line_follower_ws/install/line_follower/lib/line_follower/line_detector
/home/racha/line_follower_ws/install/line_follower/lib/line_follower/robot_sim
