[1.437s] Invoking command in '/home/racha/line_follower_ws/build/line_follower': PYTHONPATH=/home/racha/line_follower_ws/build/line_follower/prefix_override:/usr/lib/python3/dist-packages/colcon_core/task/python/colcon_distutils_commands:/home/racha/line_follower_ws/install/line_follower/lib/python3.12/site-packages:${PYTHONPATH} /usr/bin/python3 -W ignore:setup.py install is deprecated -W ignore:easy_install command is deprecated setup.py develop --editable --build-directory /home/racha/line_follower_ws/build/line_follower/build --no-deps symlink_data --force
[1.946s] running develop
[2.247s] running egg_info
[2.277s] writing line_follower.egg-info/PKG-INFO
[2.278s] writing dependency_links to line_follower.egg-info/dependency_links.txt
[2.278s] writing entry points to line_follower.egg-info/entry_points.txt
[2.279s] writing requirements to line_follower.egg-info/requires.txt
[2.279s] writing top-level names to line_follower.egg-info/top_level.txt
[2.337s] reading manifest file 'line_follower.egg-info/SOURCES.txt'
[2.339s] writing manifest file 'line_follower.egg-info/SOURCES.txt'
[2.370s] running build_ext
[2.372s] Creating /home/racha/line_follower_ws/install/line_follower/lib/python3.12/site-packages/line-follower.egg-link (link to .)
[2.374s] Installing fake_camera script to /home/racha/line_follower_ws/install/line_follower/lib/line_follower
[2.374s] Installing line_detector script to /home/racha/line_follower_ws/install/line_follower/lib/line_follower
[2.374s] Installing robot_sim script to /home/racha/line_follower_ws/install/line_follower/lib/line_follower
[2.375s] 
[2.375s] Installed /home/racha/line_follower_ws/build/line_follower
[2.375s] running symlink_data
[2.375s] symbolically linking /home/racha/line_follower_ws/build/line_follower/resource/line_follower -> /home/racha/line_follower_ws/install/line_follower/share/ament_index/resource_index/packages
[2.376s] symbolically linking /home/racha/line_follower_ws/build/line_follower/package.xml -> /home/racha/line_follower_ws/install/line_follower/share/line_follower
[2.429s] Invoked command in '/home/racha/line_follower_ws/build/line_follower' returned '0': PYTHONPATH=/home/racha/line_follower_ws/build/line_follower/prefix_override:/usr/lib/python3/dist-packages/colcon_core/task/python/colcon_distutils_commands:/home/racha/line_follower_ws/install/line_follower/lib/python3.12/site-packages:${PYTHONPATH} /usr/bin/python3 -W ignore:setup.py install is deprecated -W ignore:easy_install command is deprecated setup.py develop --editable --build-directory /home/racha/line_follower_ws/build/line_follower/build --no-deps symlink_data --force
