running develop
Removing /home/racha/line_follower_ws/install/line_follower/lib/python3.12/site-packages/line-follower.egg-link (link to .)
running egg_info
writing ../../build/line_follower/line_follower.egg-info/PKG-INFO
writing dependency_links to ../../build/line_follower/line_follower.egg-info/dependency_links.txt
writing entry points to ../../build/line_follower/line_follower.egg-info/entry_points.txt
writing requirements to ../../build/line_follower/line_follower.egg-info/requires.txt
writing top-level names to ../../build/line_follower/line_follower.egg-info/top_level.txt
reading manifest file '../../build/line_follower/line_follower.egg-info/SOURCES.txt'
writing manifest file '../../build/line_follower/line_follower.egg-info/SOURCES.txt'
running build
running build_py
copying line_follower/robots_sim.py -> /home/racha/line_follower_ws/build/line_follower/build/lib/line_follower
running install
running install_lib
creating /home/racha/line_follower_ws/install/line_follower/lib/python3.12/site-packages/line_follower
copying /home/racha/line_follower_ws/build/line_follower/build/lib/line_follower/fake_camera.py -> /home/racha/line_follower_ws/install/line_follower/lib/python3.12/site-packages/line_follower
copying /home/racha/line_follower_ws/build/line_follower/build/lib/line_follower/robots_sim.py -> /home/racha/line_follower_ws/install/line_follower/lib/python3.12/site-packages/line_follower
copying /home/racha/line_follower_ws/build/line_follower/build/lib/line_follower/robot_sim.py -> /home/racha/line_follower_ws/install/line_follower/lib/python3.12/site-packages/line_follower
copying /home/racha/line_follower_ws/build/line_follower/build/lib/line_follower/line_detector.py -> /home/racha/line_follower_ws/install/line_follower/lib/python3.12/site-packages/line_follower
copying /home/racha/line_follower_ws/build/line_follower/build/lib/line_follower/__init__.py -> /home/racha/line_follower_ws/install/line_follower/lib/python3.12/site-packages/line_follower
byte-compiling /home/racha/line_follower_ws/install/line_follower/lib/python3.12/site-packages/line_follower/fake_camera.py to fake_camera.cpython-312.pyc
byte-compiling /home/racha/line_follower_ws/install/line_follower/lib/python3.12/site-packages/line_follower/robots_sim.py to robots_sim.cpython-312.pyc
byte-compiling /home/racha/line_follower_ws/install/line_follower/lib/python3.12/site-packages/line_follower/robot_sim.py to robot_sim.cpython-312.pyc
byte-compiling /home/racha/line_follower_ws/install/line_follower/lib/python3.12/site-packages/line_follower/line_detector.py to line_detector.cpython-312.pyc
byte-compiling /home/racha/line_follower_ws/install/line_follower/lib/python3.12/site-packages/line_follower/__init__.py to __init__.cpython-312.pyc
running install_data
copying resource/line_follower -> /home/racha/line_follower_ws/install/line_follower/share/ament_index/resource_index/packages
copying package.xml -> /home/racha/line_follower_ws/install/line_follower/share/line_follower
running install_egg_info
Copying ../../build/line_follower/line_follower.egg-info to /home/racha/line_follower_ws/install/line_follower/lib/python3.12/site-packages/line_follower-0.0.0-py3.12.egg-info
running install_scripts
Installing fake_camera script to /home/racha/line_follower_ws/install/line_follower/lib/line_follower
Installing line_detector script to /home/racha/line_follower_ws/install/line_follower/lib/line_follower
Installing robot_sim script to /home/racha/line_follower_ws/install/line_follower/lib/line_follower
writing list of installed files to '/home/racha/line_follower_ws/build/line_follower/install.log'
