[1.996s] Invoking command in '/home/racha/line_follower_ws/build/line_follower': PYTHONPATH=/home/racha/line_follower_ws/build/line_follower/prefix_override:/usr/lib/python3/dist-packages/colcon_core/task/python/colcon_distutils_commands:/home/racha/line_follower_ws/install/line_follower/lib/python3.12/site-packages:${PYTHONPATH} /usr/bin/python3 -W ignore:setup.py install is deprecated -W ignore:easy_install command is deprecated setup.py develop --uninstall --editable --build-directory /home/racha/line_follower_ws/build/line_follower/build
[2.428s] running develop
[2.723s] Removing /home/racha/line_follower_ws/install/line_follower/lib/python3.12/site-packages/line-follower.egg-link (link to .)
[2.769s] Invoked command in '/home/racha/line_follower_ws/build/line_follower' returned '0': PYTHONPATH=/home/racha/line_follower_ws/build/line_follower/prefix_override:/usr/lib/python3/dist-packages/colcon_core/task/python/colcon_distutils_commands:/home/racha/line_follower_ws/install/line_follower/lib/python3.12/site-packages:${PYTHONPATH} /usr/bin/python3 -W ignore:setup.py install is deprecated -W ignore:easy_install command is deprecated setup.py develop --uninstall --editable --build-directory /home/racha/line_follower_ws/build/line_follower/build
[2.772s] Invoking command in '/home/racha/line_follower_ws/src/line_follower': PYTHONPATH=/home/racha/line_follower_ws/build/line_follower/prefix_override:/usr/lib/python3/dist-packages/colcon_core/task/python/colcon_distutils_commands:/home/racha/line_follower_ws/install/line_follower/lib/python3.12/site-packages:${PYTHONPATH} /usr/bin/python3 -W ignore:setup.py install is deprecated -W ignore:easy_install command is deprecated setup.py egg_info --egg-base ../../build/line_follower build --build-base /home/racha/line_follower_ws/build/line_follower/build install --record /home/racha/line_follower_ws/build/line_follower/install.log --single-version-externally-managed install_data --force
[3.145s] running egg_info
[3.170s] writing ../../build/line_follower/line_follower.egg-info/PKG-INFO
[3.171s] writing dependency_links to ../../build/line_follower/line_follower.egg-info/dependency_links.txt
[3.171s] writing entry points to ../../build/line_follower/line_follower.egg-info/entry_points.txt
[3.172s] writing requirements to ../../build/line_follower/line_follower.egg-info/requires.txt
[3.173s] writing top-level names to ../../build/line_follower/line_follower.egg-info/top_level.txt
[3.227s] reading manifest file '../../build/line_follower/line_follower.egg-info/SOURCES.txt'
[3.229s] writing manifest file '../../build/line_follower/line_follower.egg-info/SOURCES.txt'
[3.230s] running build
[3.230s] running build_py
[3.231s] copying line_follower/robots_sim.py -> /home/racha/line_follower_ws/build/line_follower/build/lib/line_follower
[3.233s] running install
[3.242s] running install_lib
[3.267s] creating /home/racha/line_follower_ws/install/line_follower/lib/python3.12/site-packages/line_follower
[3.268s] copying /home/racha/line_follower_ws/build/line_follower/build/lib/line_follower/fake_camera.py -> /home/racha/line_follower_ws/install/line_follower/lib/python3.12/site-packages/line_follower
[3.269s] copying /home/racha/line_follower_ws/build/line_follower/build/lib/line_follower/robots_sim.py -> /home/racha/line_follower_ws/install/line_follower/lib/python3.12/site-packages/line_follower
[3.270s] copying /home/racha/line_follower_ws/build/line_follower/build/lib/line_follower/robot_sim.py -> /home/racha/line_follower_ws/install/line_follower/lib/python3.12/site-packages/line_follower
[3.271s] copying /home/racha/line_follower_ws/build/line_follower/build/lib/line_follower/line_detector.py -> /home/racha/line_follower_ws/install/line_follower/lib/python3.12/site-packages/line_follower
[3.272s] copying /home/racha/line_follower_ws/build/line_follower/build/lib/line_follower/__init__.py -> /home/racha/line_follower_ws/install/line_follower/lib/python3.12/site-packages/line_follower
[3.273s] byte-compiling /home/racha/line_follower_ws/install/line_follower/lib/python3.12/site-packages/line_follower/fake_camera.py to fake_camera.cpython-312.pyc
[3.274s] byte-compiling /home/racha/line_follower_ws/install/line_follower/lib/python3.12/site-packages/line_follower/robots_sim.py to robots_sim.cpython-312.pyc
[3.276s] byte-compiling /home/racha/line_follower_ws/install/line_follower/lib/python3.12/site-packages/line_follower/robot_sim.py to robot_sim.cpython-312.pyc
[3.277s] byte-compiling /home/racha/line_follower_ws/install/line_follower/lib/python3.12/site-packages/line_follower/line_detector.py to line_detector.cpython-312.pyc
[3.278s] byte-compiling /home/racha/line_follower_ws/install/line_follower/lib/python3.12/site-packages/line_follower/__init__.py to __init__.cpython-312.pyc
[3.278s] running install_data
[3.280s] copying resource/line_follower -> /home/racha/line_follower_ws/install/line_follower/share/ament_index/resource_index/packages
[3.281s] copying package.xml -> /home/racha/line_follower_ws/install/line_follower/share/line_follower
[3.282s] running install_egg_info
[3.309s] Copying ../../build/line_follower/line_follower.egg-info to /home/racha/line_follower_ws/install/line_follower/lib/python3.12/site-packages/line_follower-0.0.0-py3.12.egg-info
[3.311s] running install_scripts
[3.484s] Installing fake_camera script to /home/racha/line_follower_ws/install/line_follower/lib/line_follower
[3.485s] Installing line_detector script to /home/racha/line_follower_ws/install/line_follower/lib/line_follower
[3.485s] Installing robot_sim script to /home/racha/line_follower_ws/install/line_follower/lib/line_follower
[3.485s] writing list of installed files to '/home/racha/line_follower_ws/build/line_follower/install.log'
[3.531s] Invoked command in '/home/racha/line_follower_ws/src/line_follower' returned '0': PYTHONPATH=/home/racha/line_follower_ws/build/line_follower/prefix_override:/usr/lib/python3/dist-packages/colcon_core/task/python/colcon_distutils_commands:/home/racha/line_follower_ws/install/line_follower/lib/python3.12/site-packages:${PYTHONPATH} /usr/bin/python3 -W ignore:setup.py install is deprecated -W ignore:easy_install command is deprecated setup.py egg_info --egg-base ../../build/line_follower build --build-base /home/racha/line_follower_ws/build/line_follower/build install --record /home/racha/line_follower_ws/build/line_follower/install.log --single-version-externally-managed install_data --force
