[2.046s] Invoking command in '/home/racha/line_follower_ws/src/line_follower': PYTHONPATH=/home/racha/line_follower_ws/build/line_follower/prefix_override:/usr/lib/python3/dist-packages/colcon_core/task/python/colcon_distutils_commands:/home/racha/line_follower_ws/install/line_follower/lib/python3.12/site-packages:${PYTHONPATH} /usr/bin/python3 -W ignore:setup.py install is deprecated -W ignore:easy_install command is deprecated setup.py egg_info --egg-base ../../build/line_follower build --build-base /home/racha/line_follower_ws/build/line_follower/build install --record /home/racha/line_follower_ws/build/line_follower/install.log --single-version-externally-managed install_data
[2.378s] running egg_info
[2.400s] writing ../../build/line_follower/line_follower.egg-info/PKG-INFO
[2.401s] writing dependency_links to ../../build/line_follower/line_follower.egg-info/dependency_links.txt
[2.401s] writing entry points to ../../build/line_follower/line_follower.egg-info/entry_points.txt
[2.402s] writing requirements to ../../build/line_follower/line_follower.egg-info/requires.txt
[2.402s] writing top-level names to ../../build/line_follower/line_follower.egg-info/top_level.txt
[2.449s] reading manifest file '../../build/line_follower/line_follower.egg-info/SOURCES.txt'
[2.451s] writing manifest file '../../build/line_follower/line_follower.egg-info/SOURCES.txt'
[2.452s] running build
[2.452s] running build_py
[2.452s] running install
[2.460s] running install_lib
[2.483s] running install_data
[2.484s] running install_egg_info
[2.506s] removing '/home/racha/line_follower_ws/install/line_follower/lib/python3.12/site-packages/line_follower-0.0.0-py3.12.egg-info' (and everything under it)
[2.507s] Copying ../../build/line_follower/line_follower.egg-info to /home/racha/line_follower_ws/install/line_follower/lib/python3.12/site-packages/line_follower-0.0.0-py3.12.egg-info
[2.511s] running install_scripts
[2.670s] Installing fake_camera script to /home/racha/line_follower_ws/install/line_follower/lib/line_follower
[2.671s] Installing line_detector script to /home/racha/line_follower_ws/install/line_follower/lib/line_follower
[2.672s] writing list of installed files to '/home/racha/line_follower_ws/build/line_follower/install.log'
[2.714s] Invoked command in '/home/racha/line_follower_ws/src/line_follower' returned '0': PYTHONPATH=/home/racha/line_follower_ws/build/line_follower/prefix_override:/usr/lib/python3/dist-packages/colcon_core/task/python/colcon_distutils_commands:/home/racha/line_follower_ws/install/line_follower/lib/python3.12/site-packages:${PYTHONPATH} /usr/bin/python3 -W ignore:setup.py install is deprecated -W ignore:easy_install command is deprecated setup.py egg_info --egg-base ../../build/line_follower build --build-base /home/racha/line_follower_ws/build/line_follower/build install --record /home/racha/line_follower_ws/build/line_follower/install.log --single-version-externally-managed install_data
