[1.212s] Invoking command in '/home/racha/line_follower_ws/src/line_follower': PYTHONPATH=/home/racha/line_follower_ws/build/line_follower/prefix_override:/usr/lib/python3/dist-packages/colcon_core/task/python/colcon_distutils_commands:/home/racha/line_follower_ws/install/line_follower/lib/python3.12/site-packages:${PYTHONPATH} /usr/bin/python3 -W ignore:setup.py install is deprecated -W ignore:easy_install command is deprecated setup.py egg_info --egg-base ../../build/line_follower build --build-base /home/racha/line_follower_ws/build/line_follower/build install --record /home/racha/line_follower_ws/build/line_follower/install.log --single-version-externally-managed install_data
[1.605s] running egg_info
[1.633s] writing ../../build/line_follower/line_follower.egg-info/PKG-INFO
[1.634s] writing dependency_links to ../../build/line_follower/line_follower.egg-info/dependency_links.txt
[1.634s] writing entry points to ../../build/line_follower/line_follower.egg-info/entry_points.txt
[1.635s] writing requirements to ../../build/line_follower/line_follower.egg-info/requires.txt
[1.635s] writing top-level names to ../../build/line_follower/line_follower.egg-info/top_level.txt
[1.686s] reading manifest file '../../build/line_follower/line_follower.egg-info/SOURCES.txt'
[1.687s] writing manifest file '../../build/line_follower/line_follower.egg-info/SOURCES.txt'
[1.687s] running build
[1.687s] running build_py
[1.688s] running install
[1.696s] running install_lib
[1.723s] running install_data
[1.723s] running install_egg_info
[1.751s] removing '/home/racha/line_follower_ws/install/line_follower/lib/python3.12/site-packages/line_follower-0.0.0-py3.12.egg-info' (and everything under it)
[1.752s] Copying ../../build/line_follower/line_follower.egg-info to /home/racha/line_follower_ws/install/line_follower/lib/python3.12/site-packages/line_follower-0.0.0-py3.12.egg-info
[1.754s] running install_scripts
[1.927s] Installing fake_camera script to /home/racha/line_follower_ws/install/line_follower/lib/line_follower
[1.928s] Installing line_detector script to /home/racha/line_follower_ws/install/line_follower/lib/line_follower
[1.928s] Installing robot_sim script to /home/racha/line_follower_ws/install/line_follower/lib/line_follower
[1.929s] writing list of installed files to '/home/racha/line_follower_ws/build/line_follower/install.log'
[1.973s] Invoked command in '/home/racha/line_follower_ws/src/line_follower' returned '0': PYTHONPATH=/home/racha/line_follower_ws/build/line_follower/prefix_override:/usr/lib/python3/dist-packages/colcon_core/task/python/colcon_distutils_commands:/home/racha/line_follower_ws/install/line_follower/lib/python3.12/site-packages:${PYTHONPATH} /usr/bin/python3 -W ignore:setup.py install is deprecated -W ignore:easy_install command is deprecated setup.py egg_info --egg-base ../../build/line_follower build --build-base /home/racha/line_follower_ws/build/line_follower/build install --record /home/racha/line_follower_ws/build/line_follower/install.log --single-version-externally-managed install_data
