[2.268s] Invoking command in '/home/racha/line_follower_ws/build/line_follower': PYTHONPATH=/home/racha/line_follower_ws/build/line_follower/prefix_override:/usr/lib/python3/dist-packages/colcon_core/task/python/colcon_distutils_commands:/home/racha/line_follower_ws/install/line_follower/lib/python3.12/site-packages:${PYTHONPATH} /usr/bin/python3 -W ignore:setup.py install is deprecated -W ignore:easy_install command is deprecated setup.py develop --uninstall --editable --build-directory /home/racha/line_follower_ws/build/line_follower/build
[2.721s] running develop
[2.977s] Removing /home/racha/line_follower_ws/install/line_follower/lib/python3.12/site-packages/line-follower.egg-link (link to .)
[3.025s] Invoked command in '/home/racha/line_follower_ws/build/line_follower' returned '0': PYTHONPATH=/home/racha/line_follower_ws/build/line_follower/prefix_override:/usr/lib/python3/dist-packages/colcon_core/task/python/colcon_distutils_commands:/home/racha/line_follower_ws/install/line_follower/lib/python3.12/site-packages:${PYTHONPATH} /usr/bin/python3 -W ignore:setup.py install is deprecated -W ignore:easy_install command is deprecated setup.py develop --uninstall --editable --build-directory /home/racha/line_follower_ws/build/line_follower/build
[3.027s] Invoking command in '/home/racha/line_follower_ws/src/line_follower': PYTHONPATH=/home/racha/line_follower_ws/build/line_follower/prefix_override:/usr/lib/python3/dist-packages/colcon_core/task/python/colcon_distutils_commands:/home/racha/line_follower_ws/install/line_follower/lib/python3.12/site-packages:${PYTHONPATH} /usr/bin/python3 -W ignore:setup.py install is deprecated -W ignore:easy_install command is deprecated setup.py egg_info --egg-base ../../build/line_follower build --build-base /home/racha/line_follower_ws/build/line_follower/build install --record /home/racha/line_follower_ws/build/line_follower/install.log --single-version-externally-managed install_data --force
[3.391s] running egg_info
[3.416s] writing ../../build/line_follower/line_follower.egg-info/PKG-INFO
[3.417s] writing dependency_links to ../../build/line_follower/line_follower.egg-info/dependency_links.txt
[3.418s] writing entry points to ../../build/line_follower/line_follower.egg-info/entry_points.txt
[3.418s] writing requirements to ../../build/line_follower/line_follower.egg-info/requires.txt
[3.418s] writing top-level names to ../../build/line_follower/line_follower.egg-info/top_level.txt
[3.471s] reading manifest file '../../build/line_follower/line_follower.egg-info/SOURCES.txt'
[3.473s] writing manifest file '../../build/line_follower/line_follower.egg-info/SOURCES.txt'
[3.473s] running build
[3.474s] running build_py
[3.476s] running install
[3.487s] running install_lib
[3.514s] creating /home/racha/line_follower_ws/install/line_follower/lib/python3.12/site-packages/line_follower
[3.515s] copying /home/racha/line_follower_ws/build/line_follower/build/lib/line_follower/fake_camera.py -> /home/racha/line_follower_ws/install/line_follower/lib/python3.12/site-packages/line_follower
[3.516s] copying /home/racha/line_follower_ws/build/line_follower/build/lib/line_follower/robot_sim.py -> /home/racha/line_follower_ws/install/line_follower/lib/python3.12/site-packages/line_follower
[3.518s] copying /home/racha/line_follower_ws/build/line_follower/build/lib/line_follower/line_detector.py -> /home/racha/line_follower_ws/install/line_follower/lib/python3.12/site-packages/line_follower
[3.519s] copying /home/racha/line_follower_ws/build/line_follower/build/lib/line_follower/__init__.py -> /home/racha/line_follower_ws/install/line_follower/lib/python3.12/site-packages/line_follower
[3.520s] byte-compiling /home/racha/line_follower_ws/install/line_follower/lib/python3.12/site-packages/line_follower/fake_camera.py to fake_camera.cpython-312.pyc
[3.522s] byte-compiling /home/racha/line_follower_ws/install/line_follower/lib/python3.12/site-packages/line_follower/robot_sim.py to robot_sim.cpython-312.pyc
[3.523s] byte-compiling /home/racha/line_follower_ws/install/line_follower/lib/python3.12/site-packages/line_follower/line_detector.py to line_detector.cpython-312.pyc
[3.524s] byte-compiling /home/racha/line_follower_ws/install/line_follower/lib/python3.12/site-packages/line_follower/__init__.py to __init__.cpython-312.pyc
[3.524s] running install_data
[3.526s] copying resource/line_follower -> /home/racha/line_follower_ws/install/line_follower/share/ament_index/resource_index/packages
[3.527s] copying package.xml -> /home/racha/line_follower_ws/install/line_follower/share/line_follower
[3.528s] running install_egg_info
[3.557s] Copying ../../build/line_follower/line_follower.egg-info to /home/racha/line_follower_ws/install/line_follower/lib/python3.12/site-packages/line_follower-0.0.0-py3.12.egg-info
[3.560s] running install_scripts
[3.756s] Installing fake_camera script to /home/racha/line_follower_ws/install/line_follower/lib/line_follower
[3.756s] Installing line_detector script to /home/racha/line_follower_ws/install/line_follower/lib/line_follower
[3.757s] Installing robot_sim script to /home/racha/line_follower_ws/install/line_follower/lib/line_follower
[3.758s] writing list of installed files to '/home/racha/line_follower_ws/build/line_follower/install.log'
[3.800s] Invoked command in '/home/racha/line_follower_ws/src/line_follower' returned '0': PYTHONPATH=/home/racha/line_follower_ws/build/line_follower/prefix_override:/usr/lib/python3/dist-packages/colcon_core/task/python/colcon_distutils_commands:/home/racha/line_follower_ws/install/line_follower/lib/python3.12/site-packages:${PYTHONPATH} /usr/bin/python3 -W ignore:setup.py install is deprecated -W ignore:easy_install command is deprecated setup.py egg_info --egg-base ../../build/line_follower build --build-base /home/racha/line_follower_ws/build/line_follower/build install --record /home/racha/line_follower_ws/build/line_follower/install.log --single-version-externally-managed install_data --force
