[2.278s] Invoking command in '/home/racha/line_follower_ws/build/line_follower': PYTHONPATH=/home/racha/line_follower_ws/build/line_follower/prefix_override:/usr/lib/python3/dist-packages/colcon_core/task/python/colcon_distutils_commands:/home/racha/line_follower_ws/install/line_follower/lib/python3.12/site-packages:${PYTHONPATH} /usr/bin/python3 -W ignore:setup.py install is deprecated -W ignore:easy_install command is deprecated setup.py develop --editable --build-directory /home/racha/line_follower_ws/build/line_follower/build --no-deps symlink_data --force
[2.861s] running develop
[3.181s] running egg_info
[3.209s] writing line_follower.egg-info/PKG-INFO
[3.209s] writing dependency_links to line_follower.egg-info/dependency_links.txt
[3.210s] writing entry points to line_follower.egg-info/entry_points.txt
[3.211s] writing requirements to line_follower.egg-info/requires.txt
[3.213s] writing top-level names to line_follower.egg-info/top_level.txt
[3.279s] reading manifest file 'line_follower.egg-info/SOURCES.txt'
[3.282s] writing manifest file 'line_follower.egg-info/SOURCES.txt'
[3.313s] running build_ext
[3.313s] Creating /home/racha/line_follower_ws/install/line_follower/lib/python3.12/site-packages/line-follower.egg-link (link to .)
[3.314s] Installing fake_camera script to /home/racha/line_follower_ws/install/line_follower/lib/line_follower
[3.315s] Installing line_detector script to /home/racha/line_follower_ws/install/line_follower/lib/line_follower
[3.315s] Installing robot_sim script to /home/racha/line_follower_ws/install/line_follower/lib/line_follower
[3.316s] 
[3.316s] Installed /home/racha/line_follower_ws/build/line_follower
[3.316s] running symlink_data
[3.318s] symbolically linking /home/racha/line_follower_ws/build/line_follower/resource/line_follower -> /home/racha/line_follower_ws/install/line_follower/share/ament_index/resource_index/packages
[3.320s] symbolically linking /home/racha/line_follower_ws/build/line_follower/package.xml -> /home/racha/line_follower_ws/install/line_follower/share/line_follower
[3.381s] Invoked command in '/home/racha/line_follower_ws/build/line_follower' returned '0': PYTHONPATH=/home/racha/line_follower_ws/build/line_follower/prefix_override:/usr/lib/python3/dist-packages/colcon_core/task/python/colcon_distutils_commands:/home/racha/line_follower_ws/install/line_follower/lib/python3.12/site-packages:${PYTHONPATH} /usr/bin/python3 -W ignore:setup.py install is deprecated -W ignore:easy_install command is deprecated setup.py develop --editable --build-directory /home/racha/line_follower_ws/build/line_follower/build --no-deps symlink_data --force
