[1.992s] Invoking command in '/home/racha/line_follower_ws/build/line_follower': PYTHONPATH=/home/racha/line_follower_ws/build/line_follower/prefix_override:/usr/lib/python3/dist-packages/colcon_core/task/python/colcon_distutils_commands:/home/racha/line_follower_ws/install/line_follower/lib/python3.12/site-packages:${PYTHONPATH} /usr/bin/python3 -W ignore:setup.py install is deprecated -W ignore:easy_install command is deprecated setup.py develop --editable --build-directory /home/racha/line_follower_ws/build/line_follower/build --no-deps symlink_data --force
[2.552s] running develop
[2.919s] running egg_info
[2.958s] writing line_follower.egg-info/PKG-INFO
[2.958s] writing dependency_links to line_follower.egg-info/dependency_links.txt
[2.959s] writing entry points to line_follower.egg-info/entry_points.txt
[2.959s] writing requirements to line_follower.egg-info/requires.txt
[2.960s] writing top-level names to line_follower.egg-info/top_level.txt
[3.041s] reading manifest file 'line_follower.egg-info/SOURCES.txt'
[3.045s] writing manifest file 'line_follower.egg-info/SOURCES.txt'
[3.085s] running build_ext
[3.088s] Creating /home/racha/line_follower_ws/install/line_follower/lib/python3.12/site-packages/line-follower.egg-link (link to .)
[3.089s] Installing fake_camera script to /home/racha/line_follower_ws/install/line_follower/lib/line_follower
[3.091s] Installing line_detector script to /home/racha/line_follower_ws/install/line_follower/lib/line_follower
[3.091s] Installing robot_sim script to /home/racha/line_follower_ws/install/line_follower/lib/line_follower
[3.092s] 
[3.092s] Installed /home/racha/line_follower_ws/build/line_follower
[3.093s] running symlink_data
[3.094s] symbolically linking /home/racha/line_follower_ws/build/line_follower/resource/line_follower -> /home/racha/line_follower_ws/install/line_follower/share/ament_index/resource_index/packages
[3.095s] symbolically linking /home/racha/line_follower_ws/build/line_follower/package.xml -> /home/racha/line_follower_ws/install/line_follower/share/line_follower
[3.166s] Invoked command in '/home/racha/line_follower_ws/build/line_follower' returned '0': PYTHONPATH=/home/racha/line_follower_ws/build/line_follower/prefix_override:/usr/lib/python3/dist-packages/colcon_core/task/python/colcon_distutils_commands:/home/racha/line_follower_ws/install/line_follower/lib/python3.12/site-packages:${PYTHONPATH} /usr/bin/python3 -W ignore:setup.py install is deprecated -W ignore:easy_install command is deprecated setup.py develop --editable --build-directory /home/racha/line_follower_ws/build/line_follower/build --no-deps symlink_data --force
